Roslynator Version: 0.10.1.0
Roslynator Target Framework: .NET Framework
Roslyn Version: 4.12.0.0
MSBuild location is 'C:\Program Files (x86)\Microsoft Visual Studio\2022\BuildTools\MSBuild\Current\Bin'
Loading project 'D:\Unity\Project\Dropleton\CustomPackages\CommentAnalyzer\Temp\TempProject_20250707232928.csproj'...
  Evaluate  00:01.19  TempProject_20250707232928.csproj
  Build     00:00.68  TempProject_20250707232928.csproj
  Resolve   00:00.44  TempProject_20250707232928.csproj (netstandard2.1)
Analyze 'TempProject_20250707232928'
  1 supported diagnostic with prefix 'PROJECT_CONDITIONAL_COMPILATION_' (PROJECT_CONDITIONAL_COMPILATION_WARNING)
  5 supported diagnostics with prefix 'PROJECT_MEMBER_MISSING_' (PROJECT_MEMBER_MISSING_PARAM, PROJECT_MEMBER_MISSING_REMARKS, PROJECT_MEMBER_MISSING_RETURNS, PROJECT_MEMBER_MISSING_SUMMARY, PROJECT_MEMBER_MISSING_TYPEPARAM)
  1 supported diagnostic with prefix 'PROJECT_MEMBER_NO_COMMENT_' (PROJECT_MEMBER_NO_COMMENT_BLOCK)
  2 supported diagnostics with prefix 'PROJECT_TYPE_MISSING_' (PROJECT_TYPE_MISSING_REMARKS, PROJECT_TYPE_MISSING_SUMMARY)
  1 supported diagnostic with prefix 'PROJECT_TYPE_MISSING_REMARKS_' (PROJECT_TYPE_MISSING_REMARKS_TAG)
  1 supported diagnostic with prefix 'PROJECT_TYPE_MULTI_ENUM_' (PROJECT_TYPE_MULTI_ENUM_FILE)
  2 supported diagnostics with prefix 'PROJECT_TYPE_NESTED_' (PROJECT_TYPE_NESTED_ENUM, PROJECT_TYPE_NESTED_TYPE)
  1 supported diagnostic with prefix 'PROJECT_TYPE_NO_COMMENT_' (PROJECT_TYPE_NO_COMMENT_BLOCK)
  D:\Unity\Project\Dropleton\CustomPackages\CommentAnalyzer\Tests\FixerTestCases\TC_F_002_TypeMissingSummary.cs(6,16): warning PROJECT_MEMBER_NO_COMMENT_BLOCK: FieldDeclaration 'Value' 完全没有XML注释块
  D:\Unity\Project\Dropleton\CustomPackages\CommentAnalyzer\Tests\FixerTestCases\TC_F_002_TypeMissingSummary.cs(1,5): warning PROJECT_TYPE_MISSING_REMARKS_TAG: ClassDeclaration 'TestClass2' 的 <remarks> 中缺少必需的结构化标签: '架构层级:'
  D:\Unity\Project\Dropleton\CustomPackages\CommentAnalyzer\Tests\FixerTestCases\TC_F_002_TypeMissingSummary.cs(1,5): warning PROJECT_TYPE_MISSING_REMARKS_TAG: ClassDeclaration 'TestClass2' 的 <remarks> 中缺少必需的结构化标签: '模块:'
  D:\Unity\Project\Dropleton\CustomPackages\CommentAnalyzer\Tests\FixerTestCases\TC_F_002_TypeMissingSummary.cs(1,5): warning PROJECT_TYPE_MISSING_REMARKS_TAG: ClassDeclaration 'TestClass2' 的 <remarks> 中缺少必需的结构化标签: '继承/实现关系:'
  D:\Unity\Project\Dropleton\CustomPackages\CommentAnalyzer\Tests\FixerTestCases\TC_F_002_TypeMissingSummary.cs(1,5): warning PROJECT_TYPE_MISSING_REMARKS_TAG: ClassDeclaration 'TestClass2' 的 <remarks> 中缺少必需的结构化标签: '依赖:'
  D:\Unity\Project\Dropleton\CustomPackages\CommentAnalyzer\Tests\FixerTestCases\TC_F_002_TypeMissingSummary.cs(1,5): warning PROJECT_TYPE_MISSING_REMARKS_TAG: ClassDeclaration 'TestClass2' 的 <remarks> 中缺少必需的结构化标签: '扩展点:'
  D:\Unity\Project\Dropleton\CustomPackages\CommentAnalyzer\Tests\FixerTestCases\TC_F_002_TypeMissingSummary.cs(1,5): warning PROJECT_TYPE_MISSING_REMARKS_TAG: ClassDeclaration 'TestClass2' 的 <remarks> 中缺少必需的结构化标签: '特性:'
  D:\Unity\Project\Dropleton\CustomPackages\CommentAnalyzer\Tests\FixerTestCases\TC_F_002_TypeMissingSummary.cs(1,5): warning PROJECT_TYPE_MISSING_REMARKS_TAG: ClassDeclaration 'TestClass2' 的 <remarks> 中缺少必需的结构化标签: '重要逻辑:'
  D:\Unity\Project\Dropleton\CustomPackages\CommentAnalyzer\Tests\FixerTestCases\TC_F_002_TypeMissingSummary.cs(1,5): warning PROJECT_TYPE_MISSING_REMARKS_TAG: ClassDeclaration 'TestClass2' 的 <remarks> 中缺少必需的结构化标签: '数据流:'
  D:\Unity\Project\Dropleton\CustomPackages\CommentAnalyzer\Tests\FixerTestCases\TC_F_002_TypeMissingSummary.cs(1,5): warning PROJECT_TYPE_MISSING_REMARKS_TAG: ClassDeclaration 'TestClass2' 的 <remarks> 中缺少必需的结构化标签: '使用示例:'
  D:\Unity\Project\Dropleton\CustomPackages\CommentAnalyzer\Tests\FixerTestCases\TC_F_002_TypeMissingSummary.cs(4,14): warning PROJECT_TYPE_MISSING_SUMMARY: ClassDeclaration 'TestClass2' 的XML注释中缺少 <summary> 标签
Analyzed project 'D:\Unity\Project\Dropleton\CustomPackages\CommentAnalyzer\Temp\TempProject_20250707232928.csproj' (in 2.8 s)

 1 PROJECT_MEMBER_NO_COMMENT_BLOCK  成员缺少XML注释块
 9 PROJECT_TYPE_MISSING_REMARKS_TAG 类型 <remarks> 缺少结构化标签
 1 PROJECT_TYPE_MISSING_SUMMARY     类型缺少 <summary>

11 diagnostics found
