Roslynator Version: 0.10.1.0
Roslynator Target Framework: .NET Framework
Roslyn Version: 4.12.0.0
MSBuild location is 'C:\Program Files (x86)\Microsoft Visual Studio\2022\BuildTools\MSBuild\Current\Bin'
Loading project 'D:\Unity\Project\Dropleton\CustomPackages\CommentAnalyzer\Temp\TempProject_20250704231344.csproj'...
  Evaluate  00:00.34  TempProject_20250704231344.csproj
  处理文件“D:\Unity\Project\Dropleton\CustomPackages\CommentAnalyzer\Temp\TempProject_20250704231344.csproj”时 Msbuild 失败，出现消息: 无法识别元素 <PropertyGroup> 中的特性“xmlns”。
Analyze 'TempProject_20250704231344'
  1 supported diagnostic with prefix 'PROJECT_CONDITIONAL_COMPILATION_' (PROJECT_CONDITIONAL_COMPILATION_WARNING)
  5 supported diagnostics with prefix 'PROJECT_MEMBER_MISSING_' (PROJECT_MEMBER_MISSING_PARAM, PROJECT_MEMBER_MISSING_REMARKS, PROJECT_MEMBER_MISSING_RETURNS, PROJECT_MEMBER_MISSING_SUMMARY, PROJECT_MEMBER_MISSING_TYPEPARAM)
  1 supported diagnostic with prefix 'PROJECT_MEMBER_NO_COMMENT_' (PROJECT_MEMBER_NO_COMMENT_BLOCK)
  2 supported diagnostics with prefix 'PROJECT_TYPE_MISSING_' (PROJECT_TYPE_MISSING_REMARKS, PROJECT_TYPE_MISSING_SUMMARY)
  1 supported diagnostic with prefix 'PROJECT_TYPE_MISSING_REMARKS_' (PROJECT_TYPE_MISSING_REMARKS_TAG)
  1 supported diagnostic with prefix 'PROJECT_TYPE_MULTI_ENUM_' (PROJECT_TYPE_MULTI_ENUM_FILE)
  2 supported diagnostics with prefix 'PROJECT_TYPE_NESTED_' (PROJECT_TYPE_NESTED_ENUM, PROJECT_TYPE_NESTED_TYPE)
  1 supported diagnostic with prefix 'PROJECT_TYPE_NO_COMMENT_' (PROJECT_TYPE_NO_COMMENT_BLOCK)
  error CS5001: 程序不包含适合于入口点的静态 "Main" 方法
Analyzed project 'D:\Unity\Project\Dropleton\CustomPackages\CommentAnalyzer\Temp\TempProject_20250704231344.csproj' (in 873 ms)

1 CS5001 

1 diagnostic found
