Roslynator Version: 0.10.1.0
Roslynator Target Framework: .NET Framework
Roslyn Version: 4.12.0.0
MSBuild location is 'C:\Program Files (x86)\Microsoft Visual Studio\2022\BuildTools\MSBuild\Current\Bin'
Loading project 'D:\Unity\Project\Dropleton\CustomPackages\CommentAnalyzer\Temp\TempProject_20250706162455.csproj'...
  Evaluate  00:00.94  TempProject_20250706162455.csproj
  Build     00:00.57  TempProject_20250706162455.csproj
  Resolve   00:00.35  TempProject_20250706162455.csproj (netstandard2.1)
Analyze 'TempProject_20250706162455'
  1 supported diagnostic with prefix 'PROJECT_CONDITIONAL_COMPILATION_' (PROJECT_CONDITIONAL_COMPILATION_WARNING)
  5 supported diagnostics with prefix 'PROJECT_MEMBER_MISSING_' (PROJECT_MEMBER_MISSING_PARAM, PROJECT_MEMBER_MISSING_REMARKS, PROJECT_MEMBER_MISSING_RETURNS, PROJECT_MEMBER_MISSING_SUMMARY, PROJECT_MEMBER_MISSING_TYPEPARAM)
  1 supported diagnostic with prefix 'PROJECT_MEMBER_NO_COMMENT_' (PROJECT_MEMBER_NO_COMMENT_BLOCK)
  2 supported diagnostics with prefix 'PROJECT_TYPE_MISSING_' (PROJECT_TYPE_MISSING_REMARKS, PROJECT_TYPE_MISSING_SUMMARY)
  1 supported diagnostic with prefix 'PROJECT_TYPE_MISSING_REMARKS_' (PROJECT_TYPE_MISSING_REMARKS_TAG)
  1 supported diagnostic with prefix 'PROJECT_TYPE_MULTI_ENUM_' (PROJECT_TYPE_MULTI_ENUM_FILE)
  2 supported diagnostics with prefix 'PROJECT_TYPE_NESTED_' (PROJECT_TYPE_NESTED_ENUM, PROJECT_TYPE_NESTED_TYPE)
  1 supported diagnostic with prefix 'PROJECT_TYPE_NO_COMMENT_' (PROJECT_TYPE_NO_COMMENT_BLOCK)
  D:\Unity\Project\Dropleton\CustomPackages\CommentAnalyzer\test_type_missing_remarks.cs(4,14): warning PROJECT_TYPE_MISSING_REMARKS: ClassDeclaration 'TestClass' 的XML注释中缺少 <remarks> 标签
Analyzed project 'D:\Unity\Project\Dropleton\CustomPackages\CommentAnalyzer\Temp\TempProject_20250706162455.csproj' (in 3.1 s)

1 PROJECT_TYPE_MISSING_REMARKS 类型缺少 <remarks>

1 diagnostic found
